


ARM Macro Assembler    Page 1 


    1 00000000                 AREA             AsciiValue, CODE, READONLY
    2 00000000                 IMPORT           main
    3 00000000                 EXPORT           start
    4 00000000         
    5 00000000         start
    6 00000000 E3A04032        LDR              R4, ='2'    ; Load '2','0','3',
                                                            '4' into R4...R1
    7 00000004 E3A03030        LDR              R3, ='0'    ;
    8 00000008 E3A02033        LDR              R2, ='3'    ;
    9 0000000C E3A01034        LDR              R1, ='4'    ;
   10 00000010         
   11 00000010 E3A05FFA        LDR              R5, = 0X3E8
   12 00000014 E3A06064        LDR              R6, = 0X64
   13 00000018 E3A0700A        LDR              R7, = 0XA
   14 0000001C         
   15 0000001C E2444030        SUB              R4, R4, #0x30
   16 00000020 E2433030        SUB              R3, R3, #0x30
   17 00000024 E2422030        SUB              R2, R2, #0x30
   18 00000028 E2411030        SUB              R1, R1, #0x30
   19 0000002C         
   20 0000002C E0040495        MUL              R4, R5, R4
   21 00000030 E0030396        MUL              R3, R6, R3
   22 00000034 E0020297        MUL              R2, R7, R2
   23 00000038         
   24 00000038 E0840003        ADD              R0, R4, R3
   25 0000003C E0800002        ADD              R0, R0, R2
   26 00000040 E0800001        ADD              R0, R0, R1
   27 00000044         
   28 00000044 EAFFFFFE 
                       stop    B                stop
   29 00000048         
   30 00000048                 END
Command Line: --debug --xref --diag_suppress=9931 --apcs=interwork --depend=.\a
sciivalue.d -o.\asciivalue.o -IC:\Keil_v5\ARM\RV31\INC -IC:\Keil_v5\ARM\CMSIS\I
nclude -IC:\Keil_v5\ARM\Inc\Philips --predefine="__EVAL SETA 1" --predefine="__
MICROLIB SETA 1" --predefine="__UVISION_VERSION SETA 516" --predefine="NO_CLOCK
_SETUP SETA 1" --predefine="NO_EMC_SETUP SETA 1" --predefine="RAM_INTVEC SETA 1
" --predefine="RAM_MODE SETA 1" --predefine="REMAP SETA 1" --list=.\asciivalue.
lst AsciiValue.s



ARM Macro Assembler    Page 1 Alphabetic symbol ordering
Relocatable symbols

AsciiValue 00000000

Symbol: AsciiValue
   Definitions
      At line 1 in file AsciiValue.s
   Uses
      None
Comment: AsciiValue unused
start 00000000

Symbol: start
   Definitions
      At line 5 in file AsciiValue.s
   Uses
      At line 3 in file AsciiValue.s
Comment: start used once
stop 00000044

Symbol: stop
   Definitions
      At line 28 in file AsciiValue.s
   Uses
      At line 28 in file AsciiValue.s
Comment: stop used once
3 symbols



ARM Macro Assembler    Page 1 Alphabetic symbol ordering
External symbols

main 00000000

Symbol: main
   Definitions
      At line 2 in file AsciiValue.s
   Uses
      None
Comment: main unused
1 symbol
342 symbols in table
