


ARM Macro Assembler    Page 1 


    1 00000000                 AREA             Flags2, CODE, READONLY
    2 00000000                 IMPORT           main
    3 00000000                 EXPORT           start
    4 00000000         
    5 00000000         start
    6 00000000         
    7 00000000 E59F005C        LDR              R0, =0x60001000
    8 00000004 E59F105C        LDR              R1, =0x11004000
    9 00000008 E0902001        ADDS             R2, R0, R1  ; 0x71005000 No fla
                                                            gs
   10 0000000C         
   11 0000000C E59F0058        LDR              R0, =0xC0001000
   12 00000010 E59F1058        LDR              R1, =0x10070200
   13 00000014 E0902001        ADDS             R2, R0, R1  ; 0xD0071200 Negati
                                                            ve
   14 00000018         
   15 00000018 E59F004C        LDR              R0, =0xC0001000
   16 0000001C E59F1050        LDR              R1, =0x51004000
   17 00000020 E0902001        ADDS             R2, R0, R1  ; 0x11005000 Carry
   18 00000024         
   19 00000024 E3A0049F        LDR              R0, =0x9F000000
   20 00000028 E59F1048        LDR              R1, =0xFF001000
   21 0000002C E0902001        ADDS             R2, R0, R1  ; 0x9E001000 Negati
                                                            ve, Carry
   22 00000030         
   23 00000030 E3A00461        LDR              R0, =0x61000000
   24 00000034 E3A0149F        LDR              R1, =0x9F000000
   25 00000038 E0902001        ADDS             R2, R0, R1  ; 0x00000000 Zero, 
                                                            Carry
   26 0000003C         
   27 0000003C E3A00000        LDR              R0, =0x00000000
   28 00000040 E3A01000        LDR              R1, =0x00000000
   29 00000044 E0902001        ADDS             R2, R0, R1  ; 0x00000000 Zero
   30 00000048         
   31 00000048 E59F002C        LDR              R0, =0x50001000
   32 0000004C E59F102C        LDR              R1, =0x31004000
   33 00000050 E0902001        ADDS             R2, R0, R1  ; 0x81005000 Negati
                                                            ve, Overflow
   34 00000054         
   35 00000054 E59F0010        LDR              R0, =0xC0001000
   36 00000058 E59F1024        LDR              R1, =0x91004000
   37 0000005C E0902001        ADDS             R2, R0, R1  ; 0x51005000 Carry,
                                                             Overflow
   38 00000060         
   39 00000060         ;LDR R0, =0x00000000
   40 00000060         ;LDR R1, =0x00000000
   41 00000060         ;ADDS R2, R0, R1 ; 0x00000000 Zero, Carry, Overflow
   42 00000060         
   43 00000060 EAFFFFFE 
                       stop    B                stop
   44 00000064         
   45 00000064                 END
              60001000 
              11004000 
              C0001000 
              10070200 
              51004000 
              FF001000 
              50001000 



ARM Macro Assembler    Page 2 


              31004000 
              91004000 
Command Line: --debug --xref --diag_suppress=9931 --apcs=interwork --depend=.\f
lags2.d -o.\flags2.o -IC:\Keil_v5\ARM\RV31\INC -IC:\Keil_v5\ARM\CMSIS\Include -
IC:\Keil_v5\ARM\INC\Philips --predefine="__EVAL SETA 1" --predefine="__MICROLIB
 SETA 1" --predefine="__UVISION_VERSION SETA 524" --predefine="NO_CLOCK_SETUP S
ETA 1" --predefine="NO_EMC_SETUP SETA 1" --predefine="RAM_INTVEC SETA 1" --pred
efine="RAM_MODE SETA 1" --predefine="REMAP SETA 1" --list=.\flags2.lst Flags2.s



ARM Macro Assembler    Page 1 Alphabetic symbol ordering
Relocatable symbols

Flags2 00000000

Symbol: Flags2
   Definitions
      At line 1 in file Flags2.s
   Uses
      None
Comment: Flags2 unused
start 00000000

Symbol: start
   Definitions
      At line 5 in file Flags2.s
   Uses
      At line 3 in file Flags2.s
Comment: start used once
stop 00000060

Symbol: stop
   Definitions
      At line 43 in file Flags2.s
   Uses
      At line 43 in file Flags2.s
Comment: stop used once
3 symbols



ARM Macro Assembler    Page 1 Alphabetic symbol ordering
External symbols

main 00000000

Symbol: main
   Definitions
      At line 2 in file Flags2.s
   Uses
      None
Comment: main unused
1 symbol
344 symbols in table
