


ARM Macro Assembler    Page 1 


    1 00000000                 AREA             DisplayResult, CODE, READONLY
    2 00000000                 IMPORT           main
    3 00000000                 IMPORT           getkey
    4 00000000                 IMPORT           sendchar
    5 00000000                 EXPORT           start
    6 00000000                 PRESERVE8
    7 00000000         
    8 00000000         start
    9 00000000         
   10 00000000         startProgram                         ; do 
   11 00000000         ; {
   12 00000000         
   13 00000000 E3A0300A        LDR              R3, =10
   14 00000004 E3A04000        LDR              R4,=0       ; number1
   15 00000008 E3A06000        LDR              R6, =0      ; number2
   16 0000000C E3A07000        LDR              R7, =0      ; operator
   17 00000010         
   18 00000010         read
   19 00000010 EBFFFFFE        BL               getkey      ; read key from con
                                                            sole
   20 00000014 E350001B        CMP              R0, #0x1B   ; 
   21 00000018 0A000093        BEQ              endProgram  ; 
   22 0000001C E350000D        CMP              R0, #0x0D   ; while (key != ent
                                                            er)
   23 00000020 0A00003C        BEQ              endReadAgain ; {
   24 00000024 E3500008        CMP              R0, #0x8    ;   if(key == backs
                                                            pace)
   25 00000028 0A000015        BEQ              backspace   ;    check()
   26 0000002C EBFFFFFE        BL               sendchar    ;   echo key back t
                                                            o console
   27 00000030         
   28 00000030         ;
   29 00000030         ; do any necessary processing of the key
   30 00000030         ;
   31 00000030         
   32 00000030 E350002A        CMP              R0, #'*'    ;if(input == '*')
   33 00000034 0A00000A        BEQ              multiplyOperator ; multiplyOper
                                                            ator()
   34 00000038 E350002B        CMP              R0, #'+'    ;else if(input == '
                                                            +')
   35 0000003C 0A00000A        BEQ              addOperator ; addOperator()
   36 00000040 E350002D        CMP              R0, #'-'    ;else if(input == '
                                                            -')
   37 00000044 0A00000A        BEQ              subtractOperator ; subtractOper
                                                            ator()
   38 00000048 E350002F        CMP              R0, #'/'    ;else if(input == '
                                                            /')
   39 0000004C 0A00000A        BEQ              divideOperator 
                                                            ; divideOperator()
   40 00000050         
   41 00000050 E0040493        MUL              R4, R3, R4  ; number1 *= 10
   42 00000054 E2400030        SUB              R0, R0, #0x30 ; input -= ASCII 
                                                            Offset
   43 00000058 E1A05000        MOV              R5, R0      ; lastDigit = input
                                                            
   44 0000005C E0804004        ADD              R4, R0, R4  ; number1 += input
   45 00000060         
   46 00000060 EAFFFFEA        B                read        ; read next digit
   47 00000064         



ARM Macro Assembler    Page 2 


   48 00000064         multiplyOperator                     ; int multiplyOpera
                                                            tor()
   49 00000064 E3A07001        LDR              R7,= 1      ;  operator = 1;
   50 00000068 EA000012        B                endRead
   51 0000006C         
   52 0000006C         addOperator                          ; int addOperator()
                                                            
   53 0000006C E3A07002        LDR              R7,= 2      ;  operator = 2
   54 00000070 EA000010        B                endRead
   55 00000074         
   56 00000074         subtractOperator                     ; subtractOperator(
                                                            )
   57 00000074 E3A07003        LDR              R7,= 3      ;  operator = 3
   58 00000078 EA00000E        B                endRead
   59 0000007C         
   60 0000007C         divideOperator                       ; divideOperator()
   61 0000007C E3A07004        LDR              R7,= 4      ;  operator = 4
   62 00000080 EA00000C        B                endRead
   63 00000084         
   64 00000084         backspace
   65 00000084 EBFFFFFE        BL               sendchar    ; print backspace
   66 00000088 E3A00020        LDR              R0, =0x20   ;
   67 0000008C EBFFFFFE        BL               sendchar    ; print space
   68 00000090 E3A00008        LDR              R0, =0x8    ; 
   69 00000094 EBFFFFFE        BL               sendchar    ; print backspace
   70 00000098 E0444005        SUB              R4, R4, R5  ; number2 -= lastDi
                                                            git
   71 0000009C         
   72 0000009C E1A05004        MOV              R5, R4      ; R5 is now equal t
                                                            o the number to div
                                                            ide
   73 000000A0         
   74 000000A0 E3A04000        LDR              R4, =0      ; number1 = quotien
                                                            t
   75 000000A4         
   76 000000A4         removePower
   77 000000A4 E355000A        CMP              R5, #10     ; while(remainder >
                                                            = power)
   78 000000A8 3AFFFFD8        BLO              read        ; {
   79 000000AC E245500A        SUB              R5, R5, #10 ;  remainder = rema
                                                            inder - 10
   80 000000B0 E2844001        ADD              R4, R4, #1  ;  number1++
   81 000000B4 EAFFFFFA        B                removePower ; }
   82 000000B8         
   83 000000B8         endRead
   84 000000B8         
   85 000000B8         readAgain
   86 000000B8         
   87 000000B8 EBFFFFFE        BL               getkey      ; read key from con
                                                            sole
   88 000000BC E350000D        CMP              R0, #0x0D   ; while (key != ent
                                                            er)
   89 000000C0 0A000014        BEQ              endReadAgain ; {
   90 000000C4 E3500008        CMP              R0, #0x8    ;   if(key == backs
                                                            pace)
   91 000000C8 0A000005        BEQ              backspaceSecond ;    check()
   92 000000CC EBFFFFFE        BL               sendchar    ; echo key back to 
                                                            console
   93 000000D0         



ARM Macro Assembler    Page 3 


   94 000000D0         ;
   95 000000D0         ; do any necessary processing of the key
   96 000000D0         ;
   97 000000D0         
   98 000000D0 E0060693        MUL              R6, R3, R6  ; number2 *= 10
   99 000000D4 E2400030        SUB              R0, R0, #0x30 ; input -= 48
  100 000000D8 E1A05000        MOV              R5, R0      ; lastDigit = input
                                                            
  101 000000DC E0806006        ADD              R6, R0, R6  ; number2 += input
  102 000000E0         
  103 000000E0 EAFFFFF4        B                readAgain
  104 000000E4         
  105 000000E4         backspaceSecond
  106 000000E4 EBFFFFFE        BL               sendchar    ; print backspace
  107 000000E8 E3A00020        LDR              R0, =0x20   ;
  108 000000EC EBFFFFFE        BL               sendchar    ; print space
  109 000000F0 E3A00008        LDR              R0, =0x8    ; 
  110 000000F4 EBFFFFFE        BL               sendchar    ; print backspace
  111 000000F8 E0466005        SUB              R6, R6, R5  ; number 2 -= lastD
                                                            igit
  112 000000FC         
  113 000000FC E1A05006        MOV              R5, R6      ; R5 now equal char
                                                            acter to divide
  114 00000100         
  115 00000100 E3A06000        LDR              R6, =0      ; number2 = quotien
                                                            t
  116 00000104         
  117 00000104         removePowerTwo
  118 00000104 E355000A        CMP              R5, #10     ; while(remainder >
                                                            = power)
  119 00000108 3AFFFFEA        BLO              readAgain   ; {
  120 0000010C E245500A        SUB              R5, R5, #10 ;  remainder = rema
                                                            inder - 10
  121 00000110 E2866001        ADD              R6, R6, #1  ;  number2++
  122 00000114 EAFFFFFA        B                removePowerTwo ; }
  123 00000118         
  124 00000118         endReadAgain
  125 00000118         
  126 00000118 E3A00020        LDR              R0, =0x20   ; print ' '
  127 0000011C EBFFFFFE        BL               sendchar
  128 00000120 E3A05000        LDR              R5, =0x0    ; result = 0
  129 00000124 E3A0003D        LDR              R0, ='='    ; print '='
  130 00000128 EBFFFFFE        BL               sendchar
  131 0000012C E3A00020        LDR              R0, =0x20   ; print ' '
  132 00000130 EBFFFFFE        BL               sendchar
  133 00000134         
  134 00000134 E3570001        CMP              R7,#1       ;if(operator == 1)
  135 00000138 0A000005        BEQ              multiplyExp ; multiplyExp()
  136 0000013C E3570002        CMP              R7,#2       ;else if(operator =
                                                            = 2)
  137 00000140 0A000005        BEQ              addExp      ; addExp()
  138 00000144 E3570003        CMP              R7,#3       ;else if(operator =
                                                            = 3)
  139 00000148 0A000005        BEQ              subtractExp ; subtractExp()
  140 0000014C E3570004        CMP              R7,#4       ;else if(operator =
                                                            = 4)
  141 00000150 0A000005        BEQ              divideExp   ; divideExp()
  142 00000154         
  143 00000154         multiplyExp



ARM Macro Assembler    Page 4 


  144 00000154 E0050694        MUL              R5, R4, R6  ; result = number1 
                                                            * number2
  145 00000158 EA00000A        B                endCalculate
  146 0000015C         
  147 0000015C         addExp
  148 0000015C E0845006        ADD              R5, R4, R6  ; result = number1 
                                                            + number2
  149 00000160 EA000008        B                endCalculate
  150 00000164         
  151 00000164         subtractExp
  152 00000164 E0445006        SUB              R5, R4, R6  ; result = number1 
                                                            - number2
  153 00000168 EA000006        B                endCalculate
  154 0000016C         
  155 0000016C         divideExp
  156 0000016C E3A02000        LDR              R2, =0x0    ; remainder = 0
  157 00000170         
  158 00000170 E1A02004        MOV              R2, R4      ; remainder = numbe
                                                            r1
  159 00000174         
  160 00000174         subDivide                            ; 
  161 00000174 E1520006        CMP              R2, R6      ; while(remainder >
                                                            = number2)
  162 00000178 3A000002        BLO              endCalculate ; {
  163 0000017C E0422006        SUB              R2, R2, R6  ;  remainder -= num
                                                            ber2
  164 00000180 E2855001        ADD              R5, R5, #1  ;  result += 1
  165 00000184 EAFFFFFA        B                subDivide   ; }
  166 00000188         
  167 00000188         endCalculate
  168 00000188         
  169 00000188 E3A0A030        LDR              R10, =0X30  ;ASCII offset
  170 0000018C         
  171 0000018C         remainderPrint
  172 0000018C         
  173 0000018C E3A0800A        LDR              R8, =10     ;testPower = 1
  174 00000190 E3A0C001        LDR              R12, =1     ;numberOfDigits = 1
                                                             
  175 00000194         
  176 00000194         digits                               ;
  177 00000194 E1550008        CMP              R5, R8      ;
  178 00000198 3A000002        BLO              endDigits   ;  while(result > t
                                                            estPower)
  179 0000019C         ;   {
  180 0000019C E0080893        MUL              R8, R3, R8  ;    testPower *= 1
                                                            0
  181 000001A0 E28CC001        ADD              R12, R12, #1 ;    numberOfDigit
                                                            s += 1
  182 000001A4 EAFFFFFA        B                digits      ;    }
  183 000001A8         endDigits
  184 000001A8         
  185 000001A8         print
  186 000001A8 E3A08001        MOV              R8, #1      ; testPower = 1
  187 000001AC E3A09001        MOV              R9, #1      ; realPower = 1
  188 000001B0         
  189 000001B0         power
  190 000001B0 E1550008        CMP              R5, R8      ; if(result <= test
                                                            Power)
  191 000001B4 DA000002        BLE              endPower    ;  end division



ARM Macro Assembler    Page 5 


  192 000001B8         ; else
  193 000001B8 E1A09008        MOV              R9, R8      ;   realPower = tes
                                                            tPower
  194 000001BC E0080893        MUL              R8, R3, R8  ;  testPower *= 10
  195 000001C0 EAFFFFFA        B                power       ;
  196 000001C4         endPower
  197 000001C4         
  198 000001C4 E3A0B000        LDR              R11, =0     ; quotient 
  199 000001C8         
  200 000001C8         divide
  201 000001C8 E1550009        CMP              R5, R9      ; while(remainder >
                                                            = power)
  202 000001CC 3A000002        BLO              endDivide   ; {
  203 000001D0 E0455009        SUB              R5, R5, R9  ;  result = result 
                                                            - realPower
  204 000001D4 E28BB001        ADD              R11, R11, #1 ;  quotient++
  205 000001D8 EAFFFFFA        B                divide      ; }
  206 000001DC         endDivide
  207 000001DC         
  208 000001DC E35C0000        CMP              R12, #0     ; if(numberOfDigits
                                                             == 0)
  209 000001E0 0A000003        BEQ              endPrint    ;  end print
  210 000001E4         ; else
  211 000001E4 E08A000B        ADD              R0, R10, R11 ;  character = ASC
                                                            II offset + quotien
                                                            t
  212 000001E8 EBFFFFFE        BL               sendchar    ;  print character
  213 000001EC E24CC001        SUB              R12, R12, #1 ;   numberOfDigits
                                                            --
  214 000001F0 EAFFFFEC        B                print       ;
  215 000001F4         
  216 000001F4         endPrint
  217 000001F4         
  218 000001F4 E3570004        CMP              R7, #4
  219 000001F8 1A000018        BNE              notDiv      ; if(operator == /)
                                                            
  220 000001FC         
  221 000001FC E3A07000        LDR              R7, =0      ; operator - 0
  222 00000200         
  223 00000200 E3A00020        LDR              R0, =0x20   ; print ' '
  224 00000204 EBFFFFFE        BL               sendchar
  225 00000208 E3A00052        LDR              R0, =0x52   ; print 'R'
  226 0000020C EBFFFFFE        BL               sendchar
  227 00000210 E3A00065        LDR              R0, =0x65   ; print 'e'
  228 00000214 EBFFFFFE        BL               sendchar
  229 00000218 E3A0006D        LDR              R0, =0x6D   ; print 'm'
  230 0000021C EBFFFFFE        BL               sendchar
  231 00000220 E3A00061        LDR              R0, =0x61   ; print 'a'
  232 00000224 EBFFFFFE        BL               sendchar
  233 00000228 E3A00069        LDR              R0, =0x69   ; print 'i'
  234 0000022C EBFFFFFE        BL               sendchar
  235 00000230 E3A0006E        LDR              R0, =0x6E   ; print 'n'
  236 00000234 EBFFFFFE        BL               sendchar
  237 00000238 E3A00064        LDR              R0, =0x64   ; print 'd'
  238 0000023C EBFFFFFE        BL               sendchar
  239 00000240 E3A00065        LDR              R0, =0x65   ; print 'e'
  240 00000244 EBFFFFFE        BL               sendchar
  241 00000248 E3A00072        LDR              R0, =0x72   ; print 'r'
  242 0000024C EBFFFFFE        BL               sendchar



ARM Macro Assembler    Page 6 


  243 00000250 E3A00020        LDR              R0, =0x20   ; print ' '
  244 00000254 EBFFFFFE        BL               sendchar
  245 00000258 E1A05002        MOV              R5, R2
  246 0000025C EAFFFFCA        B                remainderPrint
  247 00000260         
  248 00000260         notDiv
  249 00000260 E3A0000A        LDR              R0, =0xA    ;
  250 00000264 EBFFFFFE        BL               sendchar    ; print new line
  251 00000268         
  252 00000268 EAFFFF64        B                startProgram ; } while (input !
                                                            = escape key)
  253 0000026C         
  254 0000026C         endProgram
  255 0000026C         
  256 0000026C E3A00047        LDR              R0, =0x47   ; print 'G'
  257 00000270 EBFFFFFE        BL               sendchar
  258 00000274 E3A0006F        LDR              R0, =0x6F   ; print 'o'
  259 00000278 EBFFFFFE        BL               sendchar
  260 0000027C E3A0006F        LDR              R0, =0x6F   ; print 'o'
  261 00000280 EBFFFFFE        BL               sendchar
  262 00000284 E3A00064        LDR              R0, =0x64   ; print 'd'
  263 00000288 EBFFFFFE        BL               sendchar
  264 0000028C E3A00062        LDR              R0, =0x62   ; print 'b'
  265 00000290 EBFFFFFE        BL               sendchar
  266 00000294 E3A00079        LDR              R0, =0x79   ; print 'y'
  267 00000298 EBFFFFFE        BL               sendchar
  268 0000029C E3A00065        LDR              R0, =0x65   ; print 'e'
  269 000002A0 EBFFFFFE        BL               sendchar
  270 000002A4 E3A00021        LDR              R0, =0x21   ; print '!'
  271 000002A8 EBFFFFFE        BL               sendchar
  272 000002AC         
  273 000002AC EAFFFFFE 
                       stop    B                stop
  274 000002B0         
  275 000002B0                 END
Command Line: --debug --xref --diag_suppress=9931 --apcs=interwork --depend=.\d
isplayresult.d -o.\displayresult.o -IC:\Keil_v5\ARM\RV31\INC -IC:\Keil_v5\ARM\C
MSIS\Include -IC:\Keil_v5\ARM\INC\Philips --predefine="__EVAL SETA 1" --predefi
ne="__MICROLIB SETA 1" --predefine="__UVISION_VERSION SETA 524" --predefine="NO
_CLOCK_SETUP SETA 1" --predefine="NO_EMC_SETUP SETA 1" --predefine="RAM_INTVEC 
SETA 1" --predefine="RAM_MODE SETA 1" --predefine="REMAP SETA 1" --list=.\displ
ayresult.lst DisplayResult.s



ARM Macro Assembler    Page 1 Alphabetic symbol ordering
Relocatable symbols

DisplayResult 00000000

Symbol: DisplayResult
   Definitions
      At line 1 in file DisplayResult.s
   Uses
      None
Comment: DisplayResult unused
addExp 0000015C

Symbol: addExp
   Definitions
      At line 147 in file DisplayResult.s
   Uses
      At line 137 in file DisplayResult.s
Comment: addExp used once
addOperator 0000006C

Symbol: addOperator
   Definitions
      At line 52 in file DisplayResult.s
   Uses
      At line 35 in file DisplayResult.s
Comment: addOperator used once
backspace 00000084

Symbol: backspace
   Definitions
      At line 64 in file DisplayResult.s
   Uses
      At line 25 in file DisplayResult.s
Comment: backspace used once
backspaceSecond 000000E4

Symbol: backspaceSecond
   Definitions
      At line 105 in file DisplayResult.s
   Uses
      At line 91 in file DisplayResult.s
Comment: backspaceSecond used once
digits 00000194

Symbol: digits
   Definitions
      At line 176 in file DisplayResult.s
   Uses
      At line 182 in file DisplayResult.s
Comment: digits used once
divide 000001C8

Symbol: divide
   Definitions
      At line 200 in file DisplayResult.s
   Uses
      At line 205 in file DisplayResult.s
Comment: divide used once
divideExp 0000016C

Symbol: divideExp



ARM Macro Assembler    Page 2 Alphabetic symbol ordering
Relocatable symbols

   Definitions
      At line 155 in file DisplayResult.s
   Uses
      At line 141 in file DisplayResult.s
Comment: divideExp used once
divideOperator 0000007C

Symbol: divideOperator
   Definitions
      At line 60 in file DisplayResult.s
   Uses
      At line 39 in file DisplayResult.s
Comment: divideOperator used once
endCalculate 00000188

Symbol: endCalculate
   Definitions
      At line 167 in file DisplayResult.s
   Uses
      At line 145 in file DisplayResult.s
      At line 149 in file DisplayResult.s
      At line 153 in file DisplayResult.s
      At line 162 in file DisplayResult.s

endDigits 000001A8

Symbol: endDigits
   Definitions
      At line 183 in file DisplayResult.s
   Uses
      At line 178 in file DisplayResult.s
Comment: endDigits used once
endDivide 000001DC

Symbol: endDivide
   Definitions
      At line 206 in file DisplayResult.s
   Uses
      At line 202 in file DisplayResult.s
Comment: endDivide used once
endPower 000001C4

Symbol: endPower
   Definitions
      At line 196 in file DisplayResult.s
   Uses
      At line 191 in file DisplayResult.s
Comment: endPower used once
endPrint 000001F4

Symbol: endPrint
   Definitions
      At line 216 in file DisplayResult.s
   Uses
      At line 209 in file DisplayResult.s
Comment: endPrint used once
endProgram 0000026C

Symbol: endProgram



ARM Macro Assembler    Page 3 Alphabetic symbol ordering
Relocatable symbols

   Definitions
      At line 254 in file DisplayResult.s
   Uses
      At line 21 in file DisplayResult.s
Comment: endProgram used once
endRead 000000B8

Symbol: endRead
   Definitions
      At line 83 in file DisplayResult.s
   Uses
      At line 50 in file DisplayResult.s
      At line 54 in file DisplayResult.s
      At line 58 in file DisplayResult.s
      At line 62 in file DisplayResult.s

endReadAgain 00000118

Symbol: endReadAgain
   Definitions
      At line 124 in file DisplayResult.s
   Uses
      At line 23 in file DisplayResult.s
      At line 89 in file DisplayResult.s

multiplyExp 00000154

Symbol: multiplyExp
   Definitions
      At line 143 in file DisplayResult.s
   Uses
      At line 135 in file DisplayResult.s
Comment: multiplyExp used once
multiplyOperator 00000064

Symbol: multiplyOperator
   Definitions
      At line 48 in file DisplayResult.s
   Uses
      At line 33 in file DisplayResult.s
Comment: multiplyOperator used once
notDiv 00000260

Symbol: notDiv
   Definitions
      At line 248 in file DisplayResult.s
   Uses
      At line 219 in file DisplayResult.s
Comment: notDiv used once
power 000001B0

Symbol: power
   Definitions
      At line 189 in file DisplayResult.s
   Uses
      At line 195 in file DisplayResult.s
Comment: power used once
print 000001A8




ARM Macro Assembler    Page 4 Alphabetic symbol ordering
Relocatable symbols

Symbol: print
   Definitions
      At line 185 in file DisplayResult.s
   Uses
      At line 214 in file DisplayResult.s
Comment: print used once
read 00000010

Symbol: read
   Definitions
      At line 18 in file DisplayResult.s
   Uses
      At line 46 in file DisplayResult.s
      At line 78 in file DisplayResult.s

readAgain 000000B8

Symbol: readAgain
   Definitions
      At line 85 in file DisplayResult.s
   Uses
      At line 103 in file DisplayResult.s
      At line 119 in file DisplayResult.s

remainderPrint 0000018C

Symbol: remainderPrint
   Definitions
      At line 171 in file DisplayResult.s
   Uses
      At line 246 in file DisplayResult.s
Comment: remainderPrint used once
removePower 000000A4

Symbol: removePower
   Definitions
      At line 76 in file DisplayResult.s
   Uses
      At line 81 in file DisplayResult.s
Comment: removePower used once
removePowerTwo 00000104

Symbol: removePowerTwo
   Definitions
      At line 117 in file DisplayResult.s
   Uses
      At line 122 in file DisplayResult.s
Comment: removePowerTwo used once
start 00000000

Symbol: start
   Definitions
      At line 8 in file DisplayResult.s
   Uses
      At line 5 in file DisplayResult.s
Comment: start used once
startProgram 00000000

Symbol: startProgram



ARM Macro Assembler    Page 5 Alphabetic symbol ordering
Relocatable symbols

   Definitions
      At line 10 in file DisplayResult.s
   Uses
      At line 252 in file DisplayResult.s
Comment: startProgram used once
stop 000002AC

Symbol: stop
   Definitions
      At line 273 in file DisplayResult.s
   Uses
      At line 273 in file DisplayResult.s
Comment: stop used once
subDivide 00000174

Symbol: subDivide
   Definitions
      At line 160 in file DisplayResult.s
   Uses
      At line 165 in file DisplayResult.s
Comment: subDivide used once
subtractExp 00000164

Symbol: subtractExp
   Definitions
      At line 151 in file DisplayResult.s
   Uses
      At line 139 in file DisplayResult.s
Comment: subtractExp used once
subtractOperator 00000074

Symbol: subtractOperator
   Definitions
      At line 56 in file DisplayResult.s
   Uses
      At line 37 in file DisplayResult.s
Comment: subtractOperator used once
33 symbols



ARM Macro Assembler    Page 1 Alphabetic symbol ordering
External symbols

getkey 00000000

Symbol: getkey
   Definitions
      At line 3 in file DisplayResult.s
   Uses
      At line 19 in file DisplayResult.s
      At line 87 in file DisplayResult.s

main 00000000

Symbol: main
   Definitions
      At line 2 in file DisplayResult.s
   Uses
      None
Comment: main unused
sendchar 00000000

Symbol: sendchar
   Definitions
      At line 4 in file DisplayResult.s
   Uses
      At line 26 in file DisplayResult.s
      At line 65 in file DisplayResult.s
      At line 67 in file DisplayResult.s
      At line 69 in file DisplayResult.s
      At line 92 in file DisplayResult.s
      At line 106 in file DisplayResult.s
      At line 108 in file DisplayResult.s
      At line 110 in file DisplayResult.s
      At line 127 in file DisplayResult.s
      At line 130 in file DisplayResult.s
      At line 132 in file DisplayResult.s
      At line 212 in file DisplayResult.s
      At line 224 in file DisplayResult.s
      At line 226 in file DisplayResult.s
      At line 228 in file DisplayResult.s
      At line 230 in file DisplayResult.s
      At line 232 in file DisplayResult.s
      At line 234 in file DisplayResult.s
      At line 236 in file DisplayResult.s
      At line 238 in file DisplayResult.s
      At line 240 in file DisplayResult.s
      At line 242 in file DisplayResult.s
      At line 244 in file DisplayResult.s
      At line 250 in file DisplayResult.s
      At line 257 in file DisplayResult.s
      At line 259 in file DisplayResult.s
      At line 261 in file DisplayResult.s
      At line 263 in file DisplayResult.s
      At line 265 in file DisplayResult.s
      At line 267 in file DisplayResult.s
      At line 269 in file DisplayResult.s
      At line 271 in file DisplayResult.s

3 symbols
374 symbols in table
