#! /usr/local/bin/vvp
:ivl_version "10.1 (stable)" "(v10_1-97-g480fb0b)";
:ivl_delay_selection "TYPICAL";
:vpi_time_precision - 10;
:vpi_module "system";
:vpi_module "vhdl_sys";
:vpi_module "v2005_math";
:vpi_module "va_math";
S_0x18dede0 .scope module, "OddFunction" "OddFunction" 2 3;
 .timescale -9 -10;
    .port_info 0 /OUTPUT 1 "A"
    .port_info 1 /INPUT 1 "x"
    .port_info 2 /INPUT 1 "y"
    .port_info 3 /INPUT 1 "clk"
v0x18df000_0 .var "A", 0 0;
o0x7f77ad192048 .functor BUFZ 1, C4<z>; HiZ drive
v0x19260c0_0 .net "clk", 0 0, o0x7f77ad192048;  0 drivers
o0x7f77ad192078 .functor BUFZ 1, C4<z>; HiZ drive
v0x1926180_0 .net "x", 0 0, o0x7f77ad192078;  0 drivers
o0x7f77ad1920a8 .functor BUFZ 1, C4<z>; HiZ drive
v0x1926250_0 .net "y", 0 0, o0x7f77ad1920a8;  0 drivers
E_0x18df600/0 .event edge, v0x1926250_0, v0x1926180_0, v0x18df000_0;
E_0x18df600/1 .event posedge, v0x19260c0_0;
E_0x18df600 .event/or E_0x18df600/0, E_0x18df600/1;
    .scope S_0x18dede0;
T_0 ;
    %wait E_0x18df600;
    %load/vec4 v0x18df000_0;
    %pad/u 32;
    %cmpi/e 0, 0, 32;
    %jmp/0xz  T_0.0, 4;
    %load/vec4 v0x1926180_0;
    %pad/u 32;
    %pushi/vec4 0, 0, 32;
    %cmp/e;
    %flag_get/vec4 4;
    %load/vec4 v0x1926250_0;
    %pad/u 32;
    %pushi/vec4 0, 0, 32;
    %cmp/e;
    %flag_get/vec4 4;
    %and;
    %flag_set/vec4 8;
    %jmp/0xz  T_0.2, 8;
    %pushi/vec4 0, 0, 1;
    %cassign/vec4 v0x18df000_0;
    %jmp T_0.3;
T_0.2 ;
    %load/vec4 v0x1926180_0;
    %pad/u 32;
    %pushi/vec4 0, 0, 32;
    %cmp/e;
    %flag_get/vec4 4;
    %load/vec4 v0x1926250_0;
    %pad/u 32;
    %pushi/vec4 1, 0, 32;
    %cmp/e;
    %flag_get/vec4 4;
    %and;
    %flag_set/vec4 8;
    %jmp/0xz  T_0.4, 8;
    %pushi/vec4 1, 0, 1;
    %cassign/vec4 v0x18df000_0;
    %jmp T_0.5;
T_0.4 ;
    %load/vec4 v0x1926180_0;
    %pad/u 32;
    %pushi/vec4 1, 0, 32;
    %cmp/e;
    %flag_get/vec4 4;
    %load/vec4 v0x1926250_0;
    %pad/u 32;
    %pushi/vec4 0, 0, 32;
    %cmp/e;
    %flag_get/vec4 4;
    %and;
    %flag_set/vec4 8;
    %jmp/0xz  T_0.6, 8;
    %pushi/vec4 1, 0, 1;
    %cassign/vec4 v0x18df000_0;
    %jmp T_0.7;
T_0.6 ;
    %load/vec4 v0x1926180_0;
    %pad/u 32;
    %pushi/vec4 1, 0, 32;
    %cmp/e;
    %flag_get/vec4 4;
    %load/vec4 v0x1926250_0;
    %pad/u 32;
    %pushi/vec4 1, 0, 32;
    %cmp/e;
    %flag_get/vec4 4;
    %and;
    %flag_set/vec4 8;
    %jmp/0xz  T_0.8, 8;
    %pushi/vec4 0, 0, 1;
    %cassign/vec4 v0x18df000_0;
    %jmp T_0.9;
T_0.8 ;
    %load/vec4 v0x1926180_0;
    %pad/u 32;
    %pushi/vec4 0, 0, 32;
    %cmp/e;
    %flag_get/vec4 4;
    %load/vec4 v0x1926250_0;
    %pad/u 32;
    %pushi/vec4 0, 0, 32;
    %cmp/e;
    %flag_get/vec4 4;
    %and;
    %flag_set/vec4 8;
    %jmp/0xz  T_0.10, 8;
    %pushi/vec4 1, 0, 1;
    %cassign/vec4 v0x18df000_0;
    %jmp T_0.11;
T_0.10 ;
    %load/vec4 v0x1926180_0;
    %pad/u 32;
    %pushi/vec4 0, 0, 32;
    %cmp/e;
    %flag_get/vec4 4;
    %load/vec4 v0x1926250_0;
    %pad/u 32;
    %pushi/vec4 1, 0, 32;
    %cmp/e;
    %flag_get/vec4 4;
    %and;
    %flag_set/vec4 8;
    %jmp/0xz  T_0.12, 8;
    %pushi/vec4 0, 0, 1;
    %cassign/vec4 v0x18df000_0;
    %jmp T_0.13;
T_0.12 ;
    %load/vec4 v0x1926180_0;
    %pad/u 32;
    %pushi/vec4 1, 0, 32;
    %cmp/e;
    %flag_get/vec4 4;
    %load/vec4 v0x1926250_0;
    %pad/u 32;
    %pushi/vec4 0, 0, 32;
    %cmp/e;
    %flag_get/vec4 4;
    %and;
    %flag_set/vec4 8;
    %jmp/0xz  T_0.14, 8;
    %pushi/vec4 0, 0, 1;
    %cassign/vec4 v0x18df000_0;
    %jmp T_0.15;
T_0.14 ;
    %load/vec4 v0x1926180_0;
    %pad/u 32;
    %pushi/vec4 1, 0, 32;
    %cmp/e;
    %flag_get/vec4 4;
    %load/vec4 v0x1926250_0;
    %pad/u 32;
    %pushi/vec4 1, 0, 32;
    %cmp/e;
    %flag_get/vec4 4;
    %and;
    %flag_set/vec4 8;
    %jmp/0xz  T_0.16, 8;
    %pushi/vec4 1, 0, 1;
    %cassign/vec4 v0x18df000_0;
T_0.16 ;
T_0.15 ;
T_0.13 ;
T_0.11 ;
T_0.9 ;
T_0.7 ;
T_0.5 ;
T_0.3 ;
T_0.0 ;
    %jmp T_0;
    .thread T_0;
# The file index is used to find the file name in the following table.
:file_names 3;
    "N/A";
    "<interactive>";
    "sim.v";
